<?xml version="1.0" encoding="UTF-8"?>
<!-- Generated by org.testng.reporters.JUnitReportReporter -->
<testsuite hostname="mattibharath" failures="0" tests="1" name="DriverMethods.DriverMethodsTest" time="7.154" errors="0" timestamp="2024-06-25T11:20:08 IST" skipped="0">
  <testcase classname="DriverMethods.DriverMethodsTest" name="installAndUnInstall_Test" time="7.154"/>
  <system-out/>
</testsuite> <!-- DriverMethods.DriverMethodsTest -->
