<?xml version="1.0" encoding="UTF-8"?>
<!-- Generated by org.testng.reporters.JUnitReportReporter -->
<testsuite hostname="mattibharath" failures="0" tests="1" name="Assignment.WebBrowser" time="12.347" errors="0" timestamp="2024-08-14T18:00:49 IST" skipped="0">
  <testcase classname="Assignment.WebBrowser" name="TC01" time="12.347"/>
  <system-out/>
</testsuite> <!-- Assignment.WebBrowser -->
