<?xml version="1.0" encoding="UTF-8"?>
<!-- Generated by org.testng.reporters.JUnitReportReporter -->
<testsuite hostname="mattibharath" failures="0" tests="1" name="DriverMethods.BackUGround_Test" time="15.161" errors="0" timestamp="2024-06-25T11:36:06 IST" skipped="0">
  <testcase classname="DriverMethods.BackUGround_Test" name="background_Test" time="15.161"/>
  <system-out/>
</testsuite> <!-- DriverMethods.BackUGround_Test -->
