<?xml version="1.0" encoding="UTF-8"?>
<!-- Generated by org.testng.reporters.JUnitReportReporter -->
<testsuite hostname="mattibharath" failures="0" tests="1" name="DriverMethods.HidingKeyBoard" time="71.347" errors="0" timestamp="2024-06-25T13:14:31 IST" skipped="0">
  <testcase classname="DriverMethods.HidingKeyBoard" name="hiddingKeyBoard" time="71.347"/>
  <system-out/>
</testsuite> <!-- DriverMethods.HidingKeyBoard -->
