<?xml version="1.0" encoding="UTF-8"?>
<!-- Generated by org.testng.reporters.JUnitReportReporter -->
<testsuite hostname="mattibharath" failures="0" tests="2" name="Assignment.BrowserstackTest" time="157.820" errors="0" timestamp="2024-08-14T17:32:42 IST" skipped="0">
  <testcase classname="Assignment.BrowserstackTest" name="TC01" time="97.764"/>
  <system-out/>
  <testcase classname="Assignment.BrowserstackTest" name="TC01" time="60.056"/>
  <system-out/>
</testsuite> <!-- Assignment.BrowserstackTest -->
