<?xml version="1.0" encoding="UTF-8"?>
<!-- Generated by org.testng.reporters.JUnitReportReporter -->
<testsuite hostname="mattibharath" failures="0" tests="1" name="Assignment.IosTest" time="0.018" errors="0" timestamp="2024-07-19T18:28:37 IST" skipped="0">
  <testcase classname="Assignment.IosTest" name="ioT_Test" time="0.018"/>
  <system-out/>
</testsuite> <!-- Assignment.IosTest -->
