<?xml version="1.0" encoding="UTF-8"?>
<!-- Generated by org.testng.reporters.JUnitReportReporter -->
<testsuite hostname="mattibharath" failures="0" tests="1" name="Gestures.SwipegesturesTest" time="45.404" errors="0" timestamp="2024-06-25T10:20:30 IST" skipped="0">
  <testcase classname="Gestures.SwipegesturesTest" name="swippingGesture_test" time="45.404"/>
  <system-out/>
</testsuite> <!-- Gestures.SwipegesturesTest -->
