<?xml version="1.0" encoding="UTF-8"?>
<!-- Generated by org.testng.reporters.JUnitReportReporter -->
<testsuite hostname="mattibharath" failures="0" tests="1" name="Gestures.DragAndDropTest" time="12.632" errors="0" timestamp="2024-06-24T13:06:54 IST" skipped="0">
  <testcase classname="Gestures.DragAndDropTest" name="dragAndDrop_Test" time="12.632"/>
  <system-out/>
</testsuite> <!-- Gestures.DragAndDropTest -->
