<?xml version="1.0" encoding="UTF-8"?>
<!-- Generated by org.testng.reporters.JUnitReportReporter -->
<testsuite hostname="mattibharath" failures="0" tests="1" name="DriverMethods.AllDriverMethods" time="8.136" errors="0" timestamp="2024-06-25T15:07:48 IST" skipped="0">
  <testcase classname="DriverMethods.AllDriverMethods" name="driverMethods" time="8.136"/>
  <system-out/>
</testsuite> <!-- DriverMethods.AllDriverMethods -->
