<?xml version="1.0" encoding="UTF-8"?>
<!-- Generated by org.testng.reporters.JUnitReportReporter -->
<testsuite hostname="mattibharath" failures="0" tests="1" name="Gestures.ZoomInZoomOutTest" time="44.184" errors="0" timestamp="2024-06-24T15:14:24 IST" skipped="0">
  <testcase classname="Gestures.ZoomInZoomOutTest" name="zoomInZoomOut_Test" time="44.184"/>
  <system-out/>
</testsuite> <!-- Gestures.ZoomInZoomOutTest -->
