<?xml version="1.0" encoding="UTF-8"?>
<!-- Generated by org.testng.reporters.JUnitReportReporter -->
<testsuite hostname="mattibharath" failures="0" tests="1" name="Gestures.LongClick_Test" time="17.981" errors="0" timestamp="2024-06-24T18:43:11 IST" skipped="0">
  <testcase classname="Gestures.LongClick_Test" name="mobileLongclick_Test" time="17.981"/>
  <system-out/>
</testsuite> <!-- Gestures.LongClick_Test -->
