<?xml version="1.0" encoding="UTF-8"?>
<!-- Generated by org.testng.reporters.JUnitReportReporter -->
<testsuite hostname="mattibharath" failures="0" tests="2" name="DriverMethods.CommdingServerThroughScript" time="16.866" errors="0" timestamp="2024-06-26T15:02:44 IST" skipped="0">
  <testcase classname="DriverMethods.CommdingServerThroughScript" name="CSTScript" time="6.896"/>
  <system-out/>
  <testcase classname="DriverMethods.CommdingServerThroughScript" name="CSTScript" time="9.970"/>
  <system-out/>
</testsuite> <!-- DriverMethods.CommdingServerThroughScript -->
