<?xml version="1.0" encoding="UTF-8"?>
<!-- Generated by org.testng.reporters.JUnitReportReporter -->
<testsuite hostname="mattibharath" failures="0" tests="1" name="DriverMethods.LockandUnlock" time="13.783" errors="0" timestamp="2024-06-26T12:18:09 IST" skipped="0">
  <testcase classname="DriverMethods.LockandUnlock" name="lockAndUnlock" time="13.783"/>
  <system-out/>
</testsuite> <!-- DriverMethods.LockandUnlock -->
