<?xml version="1.0" encoding="UTF-8"?>
<!-- Generated by org.testng.reporters.JUnitReportReporter -->
<testsuite hostname="mattibharath" failures="0" tests="1" name="Assignment.WebBrowser" time="13.567" errors="0" timestamp="2024-06-28T18:43:32 IST" skipped="0">
  <testcase classname="Assignment.WebBrowser" name="TC01" time="13.567"/>
  <system-out/>
</testsuite> <!-- Assignment.WebBrowser -->
