<?xml version="1.0" encoding="UTF-8"?>
<!-- Generated by org.testng.reporters.JUnitReportReporter -->
<testsuite hostname="mattibharath" failures="0" tests="1" name="Gestures.ClickUsingCoordinatesTest" time="11.492" errors="0" timestamp="2024-06-24T12:39:09 IST" skipped="0">
  <testcase classname="Gestures.ClickUsingCoordinatesTest" name="clickGesture" time="11.492"/>
  <system-out/>
</testsuite> <!-- Gestures.ClickUsingCoordinatesTest -->
