<?xml version="1.0" encoding="UTF-8"?>
<!-- Generated by org.testng.reporters.JUnitReportReporter -->
<testsuite hostname="mattibharath" failures="0" tests="1" name="Assignment.HMAsignment" time="49.537" errors="0" timestamp="2024-06-26T10:37:15 IST" skipped="0">
  <testcase classname="Assignment.HMAsignment" name="hm_Test" time="49.537"/>
  <system-out/>
</testsuite> <!-- Assignment.HMAsignment -->
