<?xml version="1.0" encoding="UTF-8"?>
<!-- Generated by org.testng.reporters.JUnitReportReporter -->
<testsuite hostname="mattibharath" failures="0" tests="1" name="Assignment.BSMobileBrowser" time="27.489" errors="0" timestamp="2024-06-28T18:31:22 IST" skipped="0">
  <testcase classname="Assignment.BSMobileBrowser" name="TC01" time="27.489"/>
  <system-out/>
</testsuite> <!-- Assignment.BSMobileBrowser -->
