<?xml version="1.0" encoding="UTF-8"?>
<!-- Generated by org.testng.reporters.JUnitReportReporter -->
<testsuite hostname="mattibharath" failures="0" tests="1" name="Assignment.frist_AssignmentTest" time="20.778" errors="0" timestamp="2024-06-30T18:05:52 IST" skipped="0">
  <testcase classname="Assignment.frist_AssignmentTest" name="swipingWithElementId_Test" time="20.778"/>
  <system-out/>
</testsuite> <!-- Assignment.frist_AssignmentTest -->
